<?xml version="1.0" encoding="UTF-8"?><testsuite errors="0" failures="0" name="As an customer, I want to login to Truck Customer page" skipped="4" tests="4" time="0.78" timestamp="2019-12-18 03:01:07"><testcase name="Show Customer homepage with valid credential"><skipped/></testcase><testcase name="Show message with invalid password"><skipped/></testcase><testcase name="Show message without email or phone"><skipped/></testcase><testcase name="Show message without password"><skipped/></testcase></testsuite>